#! /c/Source/iverilog-install/bin/vvp
:ivl_version "12.0 (devel)" "(s20150603-1110-g18392a46)";
:ivl_delay_selection "TYPICAL";
:vpi_time_precision - 9;
:vpi_module "C:\_TMP\iverilog\lib\ivl\system.vpi";
:vpi_module "C:\_TMP\iverilog\lib\ivl\vhdl_sys.vpi";
:vpi_module "C:\_TMP\iverilog\lib\ivl\vhdl_textio.vpi";
:vpi_module "C:\_TMP\iverilog\lib\ivl\v2005_math.vpi";
:vpi_module "C:\_TMP\iverilog\lib\ivl\va_math.vpi";
:vpi_module "C:\_TMP\iverilog\lib\ivl\v2009.vpi";
S_0000028c3baf4b40 .scope package, "$unit" "$unit" 2 1;
 .timescale 0 0;
S_0000028c3bb4c610 .scope module, "tb" "tb" 3 11;
 .timescale -9 -9;
P_0000028c3bb4c7a0 .param/l "BIT_P" 1 3 25, +C4<00000000000000000010000111101000>;
P_0000028c3bb4c7d8 .param/l "BIT_RATE" 1 3 24, +C4<00000000000000011100001000000000>;
P_0000028c3bb4c810 .param/l "CLK_HZ" 1 3 29, +C4<00000010111110101111000010000000>;
P_0000028c3bb4c848 .param/l "CLK_P" 1 3 30, +C4<00000000000000000000000000010100>;
v0000028c3bc3bd30_0 .var "clk", 0 0;
v0000028c3bc3bbf0_0 .var/i "fails", 31 0;
v0000028c3bc3ae30_0 .var/i "passes", 31 0;
v0000028c3bc3aa70_0 .var "resetn", 0 0;
v0000028c3bc3aed0_0 .var "to_send", 7 0;
v0000028c3bc3bf10_0 .net "uart_rx_break", 0 0, L_0000028c3bb59670;  1 drivers
v0000028c3bc3a9d0_0 .net "uart_rx_data", 7 0, v0000028c3bc3be70_0;  1 drivers
v0000028c3bc3b790_0 .var "uart_rx_en", 0 0;
v0000028c3bc3b970_0 .net "uart_rx_valid", 0 0, L_0000028c3bb5a1d0;  1 drivers
v0000028c3bc3b330_0 .var "uart_rxd", 0 0;
S_0000028c3bb1db10 .scope task, "check_byte" "check_byte" 3 92, 3 92 0, S_0000028c3bb4c610;
 .timescale -9 -9;
v0000028c3bb52450_0 .var "expected_value", 7 0;
TD_tb.check_byte ;
    %load/vec4 v0000028c3bc3a9d0_0;
    %load/vec4 v0000028c3bb52450_0;
    %cmp/e;
    %jmp/0xz  T_0.0, 4;
    %load/vec4 v0000028c3bc3ae30_0;
    %addi 1, 0, 32;
    %store/vec4 v0000028c3bc3ae30_0, 0, 32;
    %load/vec4 v0000028c3bc3ae30_0;
    %load/vec4 v0000028c3bc3bbf0_0;
    %add;
    %vpi_call/w 3 97 "$display", "%d/%d/%d [PASS] Expected %b and got %b", v0000028c3bc3ae30_0, v0000028c3bc3bbf0_0, S<0,vec4,s32>, v0000028c3bb52450_0, v0000028c3bc3a9d0_0 {1 0 0};
    %jmp T_0.1;
T_0.0 ;
    %load/vec4 v0000028c3bc3bbf0_0;
    %addi 1, 0, 32;
    %store/vec4 v0000028c3bc3bbf0_0, 0, 32;
    %load/vec4 v0000028c3bc3ae30_0;
    %load/vec4 v0000028c3bc3bbf0_0;
    %add;
    %vpi_call/w 3 102 "$display", "%d/%d/%d [FAIL] Expected %b and got %b", v0000028c3bc3ae30_0, v0000028c3bc3bbf0_0, S<0,vec4,s32>, v0000028c3bb52450_0, v0000028c3bc3a9d0_0 {1 0 0};
T_0.1 ;
    %end;
S_0000028c3bb1dca0 .scope module, "i_uart_rx" "uart_rx" 3 152, 4 9 0, S_0000028c3bb4c610;
 .timescale -9 -9;
    .port_info 0 /INPUT 1 "clk";
    .port_info 1 /INPUT 1 "resetn";
    .port_info 2 /INPUT 1 "uart_rxd";
    .port_info 3 /INPUT 1 "uart_rx_en";
    .port_info 4 /OUTPUT 1 "uart_rx_break";
    .port_info 5 /OUTPUT 1 "uart_rx_valid";
    .port_info 6 /OUTPUT 8 "uart_rx_data";
P_0000028c3bb04ca0 .param/l "BIT_P" 1 4 41, +C4<0000000000000000000000000000000000000000000000000010000111101000>;
P_0000028c3bb04cd8 .param/l "BIT_RATE" 0 4 12, +C4<00000000000000011100001000000000>;
P_0000028c3bb04d10 .param/l "CLK_HZ" 0 4 15, +C4<00000010111110101111000010000000>;
P_0000028c3bb04d48 .param/l "CLK_P" 1 4 42, +C4<0000000000000000000000000000000000000000000000000000000000010100>;
P_0000028c3bb04d80 .param/l "COUNT_REG_LEN" 1 4 48, +C4<000000000000000000000000000001010>;
P_0000028c3bb04db8 .param/l "CYCLES_PER_BIT" 1 4 44, +C4<0000000000000000000000000000000000000000000000000000000110110010>;
P_0000028c3bb04df0 .param/l "FSM_IDLE" 1 4 81, +C4<00000000000000000000000000000000>;
P_0000028c3bb04e28 .param/l "FSM_RECV" 1 4 83, +C4<00000000000000000000000000000010>;
P_0000028c3bb04e60 .param/l "FSM_START" 1 4 82, +C4<00000000000000000000000000000001>;
P_0000028c3bb04e98 .param/l "FSM_STOP" 1 4 84, +C4<00000000000000000000000000000011>;
P_0000028c3bb04ed0 .param/l "PAYLOAD_BITS" 0 4 19, +C4<00000000000000000000000000001000>;
P_0000028c3bb04f08 .param/l "STOP_BITS" 0 4 23, +C4<00000000000000000000000000000001>;
L_0000028c3bb59670 .functor AND 1, L_0000028c3bb5a1d0, L_0000028c3bbaac10, C4<1>, C4<1>;
L_0000028c3bb5a1d0 .functor AND 1, L_0000028c3bbab890, L_0000028c3bbaa530, C4<1>, C4<1>;
L_0000028c3bb5a2b0 .functor AND 1, L_0000028c3bbabbb0, L_0000028c3bbab430, C4<1>, C4<1>;
L_0000028c3bb59750 .functor OR 1, L_0000028c3bbaa7b0, L_0000028c3bb5a2b0, C4<0>, C4<0>;
v0000028c3bb51410_0 .net *"_ivl_1", 0 0, L_0000028c3bbaac10;  1 drivers
v0000028c3bb51870_0 .net *"_ivl_10", 0 0, L_0000028c3bbab890;  1 drivers
v0000028c3bb50970_0 .net *"_ivl_12", 31 0, L_0000028c3bbaa710;  1 drivers
L_0000028c3bc40f78 .functor BUFT 1, C4<00000000000000000000000000000>, C4<0>, C4<0>, C4<0>;
v0000028c3bb506f0_0 .net *"_ivl_15", 28 0, L_0000028c3bc40f78;  1 drivers
L_0000028c3bc40fc0 .functor BUFT 1, C4<00000000000000000000000000000000>, C4<0>, C4<0>, C4<0>;
v0000028c3bb51c30_0 .net/2u *"_ivl_16", 31 0, L_0000028c3bc40fc0;  1 drivers
v0000028c3bb50ab0_0 .net *"_ivl_18", 0 0, L_0000028c3bbaa530;  1 drivers
v0000028c3bb508d0_0 .net *"_ivl_22", 63 0, L_0000028c3bbab610;  1 drivers
L_0000028c3bc41008 .functor BUFT 1, C4<000000000000000000000000000000000000000000000000000000>, C4<0>, C4<0>, C4<0>;
v0000028c3bb51d70_0 .net *"_ivl_25", 53 0, L_0000028c3bc41008;  1 drivers
L_0000028c3bc41050 .functor BUFT 1, C4<0000000000000000000000000000000000000000000000000000000110110010>, C4<0>, C4<0>, C4<0>;
v0000028c3bb519b0_0 .net/2u *"_ivl_26", 63 0, L_0000028c3bc41050;  1 drivers
v0000028c3bb50c90_0 .net *"_ivl_28", 0 0, L_0000028c3bbaa7b0;  1 drivers
v0000028c3bb51a50_0 .net *"_ivl_30", 31 0, L_0000028c3bbab250;  1 drivers
L_0000028c3bc41098 .functor BUFT 1, C4<00000000000000000000000000000>, C4<0>, C4<0>, C4<0>;
v0000028c3bb50d30_0 .net *"_ivl_33", 28 0, L_0000028c3bc41098;  1 drivers
L_0000028c3bc410e0 .functor BUFT 1, C4<00000000000000000000000000000011>, C4<0>, C4<0>, C4<0>;
v0000028c3bb52130_0 .net/2u *"_ivl_34", 31 0, L_0000028c3bc410e0;  1 drivers
v0000028c3bb50dd0_0 .net *"_ivl_36", 0 0, L_0000028c3bbabbb0;  1 drivers
v0000028c3bb50e70_0 .net *"_ivl_38", 63 0, L_0000028c3bbaa5d0;  1 drivers
v0000028c3bb51e10_0 .net *"_ivl_4", 31 0, L_0000028c3bbaa8f0;  1 drivers
L_0000028c3bc41128 .functor BUFT 1, C4<000000000000000000000000000000000000000000000000000000>, C4<0>, C4<0>, C4<0>;
v0000028c3bb52090_0 .net *"_ivl_41", 53 0, L_0000028c3bc41128;  1 drivers
L_0000028c3bc41170 .functor BUFT 1, C4<0000000000000000000000000000000000000000000000000000000011011001>, C4<0>, C4<0>, C4<0>;
v0000028c3bb510f0_0 .net/2u *"_ivl_42", 63 0, L_0000028c3bc41170;  1 drivers
v0000028c3bb521d0_0 .net *"_ivl_44", 0 0, L_0000028c3bbab430;  1 drivers
v0000028c3bb52270_0 .net *"_ivl_47", 0 0, L_0000028c3bb5a2b0;  1 drivers
v0000028c3bb51190_0 .net *"_ivl_50", 31 0, L_0000028c3bbabcf0;  1 drivers
L_0000028c3bc411b8 .functor BUFT 1, C4<0000000000000000000000000000>, C4<0>, C4<0>, C4<0>;
v0000028c3bb3bbe0_0 .net *"_ivl_53", 27 0, L_0000028c3bc411b8;  1 drivers
L_0000028c3bc41200 .functor BUFT 1, C4<00000000000000000000000000001000>, C4<0>, C4<0>, C4<0>;
v0000028c3bb3b280_0 .net/2u *"_ivl_54", 31 0, L_0000028c3bc41200;  1 drivers
L_0000028c3bc40ee8 .functor BUFT 1, C4<00000000000000000000000000000>, C4<0>, C4<0>, C4<0>;
v0000028c3bb3b640_0 .net *"_ivl_7", 28 0, L_0000028c3bc40ee8;  1 drivers
L_0000028c3bc40f30 .functor BUFT 1, C4<00000000000000000000000000000011>, C4<0>, C4<0>, C4<0>;
v0000028c3bb3bc80_0 .net/2u *"_ivl_8", 31 0, L_0000028c3bc40f30;  1 drivers
v0000028c3bb3b320_0 .var "bit_counter", 3 0;
v0000028c3bb3b460_0 .var "bit_sample", 0 0;
v0000028c3bc3b290_0 .net "clk", 0 0, v0000028c3bc3bd30_0;  1 drivers
v0000028c3bc3b650_0 .var "cycle_counter", 9 0;
v0000028c3bc3a610_0 .var "fsm_state", 2 0;
v0000028c3bc3a110_0 .var "n_fsm_state", 2 0;
v0000028c3bc3bdd0_0 .net "next_bit", 0 0, L_0000028c3bb59750;  1 drivers
v0000028c3bc3ac50_0 .net "payload_done", 0 0, L_0000028c3bbab4d0;  1 drivers
v0000028c3bc3a390_0 .var "recieved_data", 7 0;
v0000028c3bc3a2f0_0 .net "resetn", 0 0, v0000028c3bc3aa70_0;  1 drivers
v0000028c3bc3b470_0 .var "rxd_reg", 0 0;
v0000028c3bc3acf0_0 .var "rxd_reg_0", 0 0;
v0000028c3bc3a070_0 .net "uart_rx_break", 0 0, L_0000028c3bb59670;  alias, 1 drivers
v0000028c3bc3be70_0 .var "uart_rx_data", 7 0;
v0000028c3bc3b010_0 .net "uart_rx_en", 0 0, v0000028c3bc3b790_0;  1 drivers
v0000028c3bc3a4d0_0 .net "uart_rx_valid", 0 0, L_0000028c3bb5a1d0;  alias, 1 drivers
v0000028c3bc3a930_0 .net "uart_rxd", 0 0, v0000028c3bc3b330_0;  1 drivers
E_0000028c3bb486a0 .event posedge, v0000028c3bc3b290_0;
E_0000028c3bb48e60 .event anyedge, v0000028c3bc3a610_0, v0000028c3bc3b470_0, v0000028c3bc3bdd0_0, v0000028c3bc3ac50_0;
L_0000028c3bbaac10 .reduce/nor v0000028c3bc3a390_0;
L_0000028c3bbaa8f0 .concat [ 3 29 0 0], v0000028c3bc3a610_0, L_0000028c3bc40ee8;
L_0000028c3bbab890 .cmp/eq 32, L_0000028c3bbaa8f0, L_0000028c3bc40f30;
L_0000028c3bbaa710 .concat [ 3 29 0 0], v0000028c3bc3a110_0, L_0000028c3bc40f78;
L_0000028c3bbaa530 .cmp/eq 32, L_0000028c3bbaa710, L_0000028c3bc40fc0;
L_0000028c3bbab610 .concat [ 10 54 0 0], v0000028c3bc3b650_0, L_0000028c3bc41008;
L_0000028c3bbaa7b0 .cmp/eq 64, L_0000028c3bbab610, L_0000028c3bc41050;
L_0000028c3bbab250 .concat [ 3 29 0 0], v0000028c3bc3a610_0, L_0000028c3bc41098;
L_0000028c3bbabbb0 .cmp/eq 32, L_0000028c3bbab250, L_0000028c3bc410e0;
L_0000028c3bbaa5d0 .concat [ 10 54 0 0], v0000028c3bc3b650_0, L_0000028c3bc41128;
L_0000028c3bbab430 .cmp/eq 64, L_0000028c3bbaa5d0, L_0000028c3bc41170;
L_0000028c3bbabcf0 .concat [ 4 28 0 0], v0000028c3bb3b320_0, L_0000028c3bc411b8;
L_0000028c3bbab4d0 .cmp/eq 32, L_0000028c3bbabcf0, L_0000028c3bc41200;
S_0000028c3bb04f50 .scope begin, "p_bit_counter" "p_bit_counter" 4 144, 4 144 0, S_0000028c3bb1dca0;
 .timescale -9 -9;
S_0000028c3bafe520 .scope begin, "p_bit_sample" "p_bit_sample" 4 156, 4 156 0, S_0000028c3bb1dca0;
 .timescale -9 -9;
S_0000028c3bafe6b0 .scope begin, "p_cycle_counter" "p_cycle_counter" 4 169, 4 169 0, S_0000028c3bb1dca0;
 .timescale -9 -9;
S_0000028c3bafe840 .scope begin, "p_fsm_state" "p_fsm_state" 4 184, 4 184 0, S_0000028c3bb1dca0;
 .timescale -9 -9;
S_0000028c3b916750 .scope begin, "p_n_fsm_state" "p_n_fsm_state" 4 113, 4 113 0, S_0000028c3bb1dca0;
 .timescale -9 -9;
S_0000028c3b9168e0 .scope begin, "p_recieved_data" "p_recieved_data" 4 130, 4 130 0, S_0000028c3bb1dca0;
 .timescale -9 -9;
S_0000028c3b916a70 .scope begin, "p_rxd_reg" "p_rxd_reg" 4 195, 4 195 0, S_0000028c3bb1dca0;
 .timescale -9 -9;
S_0000028c3bc3c240 .scope task, "send_byte" "send_byte" 3 65, 3 65 0, S_0000028c3bb4c610;
 .timescale -9 -9;
v0000028c3bc3a1b0_0 .var "data", 7 0;
v0000028c3bc3bb50_0 .var/i "i", 31 0;
TD_tb.send_byte ;
    %delay 8680, 0;
    %pushi/vec4 0, 0, 1;
    %store/vec4 v0000028c3bc3b330_0, 0, 1;
    %pushi/vec4 0, 0, 32;
    %store/vec4 v0000028c3bc3bb50_0, 0, 32;
T_1.2 ;
    %load/vec4 v0000028c3bc3bb50_0;
    %cmpi/s 7, 0, 32;
    %jmp/0xz T_1.3, 5;
    %delay 8680, 0;
    %load/vec4 v0000028c3bc3a1b0_0;
    %load/vec4 v0000028c3bc3bb50_0;
    %part/s 1;
    %store/vec4 v0000028c3bc3b330_0, 0, 1;
    %load/vec4 v0000028c3bc3bb50_0;
    %addi 1, 0, 32;
    %store/vec4 v0000028c3bc3bb50_0, 0, 32;
    %jmp T_1.2;
T_1.3 ;
    %delay 8680, 0;
    %pushi/vec4 1, 0, 1;
    %store/vec4 v0000028c3bc3b330_0, 0, 1;
    %delay 8680, 0;
    %end;
S_0000028c3bb1d980 .scope module, "top" "top" 5 13;
 .timescale -9 -9;
    .port_info 0 /INPUT 1 "clk";
    .port_info 1 /INPUT 1 "sw_0";
    .port_info 2 /INPUT 1 "sw_1";
    .port_info 3 /INPUT 1 "uart_rxd";
    .port_info 4 /OUTPUT 1 "uart_txd";
    .port_info 5 /OUTPUT 4 "led";
P_0000028c3b917280 .param/l "BIT_RATE" 0 5 24, +C4<00000000000000000010010110000000>;
P_0000028c3b9172b8 .param/l "CLK_HZ" 0 5 23, +C4<00000010111110101111000010000000>;
P_0000028c3b9172f0 .param/l "PAYLOAD_BITS" 0 5 25, +C4<00000000000000000000000000001000>;
L_0000028c3bb597c0 .functor BUFZ 8, v0000028c3bba6d60_0, C4<00000000>, C4<00000000>, C4<00000000>;
L_0000028c3bb5a010 .functor BUFZ 1, L_0000028c3bb59910, C4<0>, C4<0>, C4<0>;
o0000028c3bb689a8 .functor BUFZ 1, C4<z>; HiZ drive
v0000028c3bbabed0_0 .net "clk", 0 0, o0000028c3bb689a8;  0 drivers
v0000028c3bbab1b0_0 .net "led", 3 0, L_0000028c3bbabc50;  1 drivers
v0000028c3bbaa670_0 .var "led_reg", 7 0;
o0000028c3bb68af8 .functor BUFZ 1, C4<z>; HiZ drive
v0000028c3bbab930_0 .net "sw_0", 0 0, o0000028c3bb68af8;  0 drivers
o0000028c3bb69518 .functor BUFZ 1, C4<z>; HiZ drive
v0000028c3bbab390_0 .net "sw_1", 0 0, o0000028c3bb69518;  0 drivers
v0000028c3bbaa210_0 .net "uart_rx_break", 0 0, L_0000028c3bb5a320;  1 drivers
v0000028c3bbabf70_0 .net "uart_rx_data", 7 0, v0000028c3bba6d60_0;  1 drivers
v0000028c3bbac010_0 .net "uart_rx_valid", 0 0, L_0000028c3bb59910;  1 drivers
o0000028c3bb68c48 .functor BUFZ 1, C4<z>; HiZ drive
v0000028c3bbab7f0_0 .net "uart_rxd", 0 0, o0000028c3bb68c48;  0 drivers
v0000028c3bbaa350_0 .net "uart_tx_busy", 0 0, L_0000028c3bbab070;  1 drivers
v0000028c3bbaa3f0_0 .net "uart_tx_data", 7 0, L_0000028c3bb597c0;  1 drivers
v0000028c3bbaa490_0 .net "uart_tx_en", 0 0, L_0000028c3bb5a010;  1 drivers
v0000028c3bbaab70_0 .net "uart_txd", 0 0, L_0000028c3bb59d70;  1 drivers
L_0000028c3bbabc50 .part v0000028c3bbaa670_0, 0, 4;
S_0000028c3bc3c3d0 .scope module, "i_uart_rx" "uart_rx" 5 60, 4 9 0, S_0000028c3bb1d980;
 .timescale -9 -9;
    .port_info 0 /INPUT 1 "clk";
    .port_info 1 /INPUT 1 "resetn";
    .port_info 2 /INPUT 1 "uart_rxd";
    .port_info 3 /INPUT 1 "uart_rx_en";
    .port_info 4 /OUTPUT 1 "uart_rx_break";
    .port_info 5 /OUTPUT 1 "uart_rx_valid";
    .port_info 6 /OUTPUT 8 "uart_rx_data";
P_0000028c3bc3c560 .param/l "BIT_P" 1 4 41, +C4<0000000000000000000000000000000000000000000000011001011011100110>;
P_0000028c3bc3c598 .param/l "BIT_RATE" 0 4 12, +C4<00000000000000000010010110000000>;
P_0000028c3bc3c5d0 .param/l "CLK_HZ" 0 4 15, +C4<00000010111110101111000010000000>;
P_0000028c3bc3c608 .param/l "CLK_P" 1 4 42, +C4<0000000000000000000000000000000000000000000000000000000000010100>;
P_0000028c3bc3c640 .param/l "COUNT_REG_LEN" 1 4 48, +C4<000000000000000000000000000001110>;
P_0000028c3bc3c678 .param/l "CYCLES_PER_BIT" 1 4 44, +C4<0000000000000000000000000000000000000000000000000001010001011000>;
P_0000028c3bc3c6b0 .param/l "FSM_IDLE" 1 4 81, +C4<00000000000000000000000000000000>;
P_0000028c3bc3c6e8 .param/l "FSM_RECV" 1 4 83, +C4<00000000000000000000000000000010>;
P_0000028c3bc3c720 .param/l "FSM_START" 1 4 82, +C4<00000000000000000000000000000001>;
P_0000028c3bc3c758 .param/l "FSM_STOP" 1 4 84, +C4<00000000000000000000000000000011>;
P_0000028c3bc3c790 .param/l "PAYLOAD_BITS" 0 4 19, +C4<00000000000000000000000000001000>;
P_0000028c3bc3c7c8 .param/l "STOP_BITS" 0 4 23, +C4<00000000000000000000000000000001>;
L_0000028c3bb5a320 .functor AND 1, L_0000028c3bb59910, L_0000028c3bbaadf0, C4<1>, C4<1>;
L_0000028c3bb59910 .functor AND 1, L_0000028c3bbab6b0, L_0000028c3bbaa850, C4<1>, C4<1>;
L_0000028c3bb5a470 .functor AND 1, L_0000028c3bbaad50, L_0000028c3bbaae90, C4<1>, C4<1>;
L_0000028c3bb59d00 .functor OR 1, L_0000028c3bbaaad0, L_0000028c3bb5a470, C4<0>, C4<0>;
v0000028c3bc3ad90_0 .net *"_ivl_1", 0 0, L_0000028c3bbaadf0;  1 drivers
v0000028c3bc3ab10_0 .net *"_ivl_10", 0 0, L_0000028c3bbab6b0;  1 drivers
v0000028c3bc3a250_0 .net *"_ivl_12", 31 0, L_0000028c3bbaa990;  1 drivers
L_0000028c3bc412d8 .functor BUFT 1, C4<00000000000000000000000000000>, C4<0>, C4<0>, C4<0>;
v0000028c3bc3b3d0_0 .net *"_ivl_15", 28 0, L_0000028c3bc412d8;  1 drivers
L_0000028c3bc41320 .functor BUFT 1, C4<00000000000000000000000000000000>, C4<0>, C4<0>, C4<0>;
v0000028c3bc3bc90_0 .net/2u *"_ivl_16", 31 0, L_0000028c3bc41320;  1 drivers
v0000028c3bc3b510_0 .net *"_ivl_18", 0 0, L_0000028c3bbaa850;  1 drivers
v0000028c3bc3b5b0_0 .net *"_ivl_22", 63 0, L_0000028c3bbaaa30;  1 drivers
L_0000028c3bc41368 .functor BUFT 1, C4<00000000000000000000000000000000000000000000000000>, C4<0>, C4<0>, C4<0>;
v0000028c3bc3b150_0 .net *"_ivl_25", 49 0, L_0000028c3bc41368;  1 drivers
L_0000028c3bc413b0 .functor BUFT 1, C4<0000000000000000000000000000000000000000000000000001010001011000>, C4<0>, C4<0>, C4<0>;
v0000028c3bc3a750_0 .net/2u *"_ivl_26", 63 0, L_0000028c3bc413b0;  1 drivers
v0000028c3bc3abb0_0 .net *"_ivl_28", 0 0, L_0000028c3bbaaad0;  1 drivers
v0000028c3bc3b6f0_0 .net *"_ivl_30", 31 0, L_0000028c3bbaacb0;  1 drivers
L_0000028c3bc413f8 .functor BUFT 1, C4<00000000000000000000000000000>, C4<0>, C4<0>, C4<0>;
v0000028c3bc3af70_0 .net *"_ivl_33", 28 0, L_0000028c3bc413f8;  1 drivers
L_0000028c3bc41440 .functor BUFT 1, C4<00000000000000000000000000000011>, C4<0>, C4<0>, C4<0>;
v0000028c3bc3b0b0_0 .net/2u *"_ivl_34", 31 0, L_0000028c3bc41440;  1 drivers
v0000028c3bc3a430_0 .net *"_ivl_36", 0 0, L_0000028c3bbaad50;  1 drivers
v0000028c3bc3b1f0_0 .net *"_ivl_38", 63 0, L_0000028c3bbab110;  1 drivers
v0000028c3bc3b830_0 .net *"_ivl_4", 31 0, L_0000028c3bbab570;  1 drivers
L_0000028c3bc41488 .functor BUFT 1, C4<00000000000000000000000000000000000000000000000000>, C4<0>, C4<0>, C4<0>;
v0000028c3bc3b8d0_0 .net *"_ivl_41", 49 0, L_0000028c3bc41488;  1 drivers
L_0000028c3bc414d0 .functor BUFT 1, C4<0000000000000000000000000000000000000000000000000000101000101100>, C4<0>, C4<0>, C4<0>;
v0000028c3bc3ba10_0 .net/2u *"_ivl_42", 63 0, L_0000028c3bc414d0;  1 drivers
v0000028c3bc3bab0_0 .net *"_ivl_44", 0 0, L_0000028c3bbaae90;  1 drivers
v0000028c3bc3a570_0 .net *"_ivl_47", 0 0, L_0000028c3bb5a470;  1 drivers
v0000028c3bc3a6b0_0 .net *"_ivl_50", 31 0, L_0000028c3bbaaf30;  1 drivers
L_0000028c3bc41518 .functor BUFT 1, C4<0000000000000000000000000000>, C4<0>, C4<0>, C4<0>;
v0000028c3bc3a7f0_0 .net *"_ivl_53", 27 0, L_0000028c3bc41518;  1 drivers
L_0000028c3bc41560 .functor BUFT 1, C4<00000000000000000000000000001000>, C4<0>, C4<0>, C4<0>;
v0000028c3bc3a890_0 .net/2u *"_ivl_54", 31 0, L_0000028c3bc41560;  1 drivers
L_0000028c3bc41248 .functor BUFT 1, C4<00000000000000000000000000000>, C4<0>, C4<0>, C4<0>;
v0000028c3bba6cc0_0 .net *"_ivl_7", 28 0, L_0000028c3bc41248;  1 drivers
L_0000028c3bc41290 .functor BUFT 1, C4<00000000000000000000000000000011>, C4<0>, C4<0>, C4<0>;
v0000028c3bba6180_0 .net/2u *"_ivl_8", 31 0, L_0000028c3bc41290;  1 drivers
v0000028c3bba60e0_0 .var "bit_counter", 3 0;
v0000028c3bba69a0_0 .var "bit_sample", 0 0;
v0000028c3bba79e0_0 .net "clk", 0 0, o0000028c3bb689a8;  alias, 0 drivers
v0000028c3bba6400_0 .var "cycle_counter", 13 0;
v0000028c3bba5b40_0 .var "fsm_state", 2 0;
v0000028c3bba7300_0 .var "n_fsm_state", 2 0;
v0000028c3bba5fa0_0 .net "next_bit", 0 0, L_0000028c3bb59d00;  1 drivers
v0000028c3bba5be0_0 .net "payload_done", 0 0, L_0000028c3bbab750;  1 drivers
v0000028c3bba6040_0 .var "recieved_data", 7 0;
v0000028c3bba6720_0 .net "resetn", 0 0, o0000028c3bb68af8;  alias, 0 drivers
v0000028c3bba7580_0 .var "rxd_reg", 0 0;
v0000028c3bba71c0_0 .var "rxd_reg_0", 0 0;
v0000028c3bba67c0_0 .net "uart_rx_break", 0 0, L_0000028c3bb5a320;  alias, 1 drivers
v0000028c3bba6d60_0 .var "uart_rx_data", 7 0;
L_0000028c3bc415a8 .functor BUFT 1, C4<1>, C4<0>, C4<0>, C4<0>;
v0000028c3bba7080_0 .net "uart_rx_en", 0 0, L_0000028c3bc415a8;  1 drivers
v0000028c3bba6860_0 .net "uart_rx_valid", 0 0, L_0000028c3bb59910;  alias, 1 drivers
v0000028c3bba78a0_0 .net "uart_rxd", 0 0, o0000028c3bb68c48;  alias, 0 drivers
E_0000028c3bb49320 .event posedge, v0000028c3bba79e0_0;
E_0000028c3bb469e0 .event anyedge, v0000028c3bba5b40_0, v0000028c3bba7580_0, v0000028c3bba5fa0_0, v0000028c3bba5be0_0;
L_0000028c3bbaadf0 .reduce/nor v0000028c3bba6040_0;
L_0000028c3bbab570 .concat [ 3 29 0 0], v0000028c3bba5b40_0, L_0000028c3bc41248;
L_0000028c3bbab6b0 .cmp/eq 32, L_0000028c3bbab570, L_0000028c3bc41290;
L_0000028c3bbaa990 .concat [ 3 29 0 0], v0000028c3bba7300_0, L_0000028c3bc412d8;
L_0000028c3bbaa850 .cmp/eq 32, L_0000028c3bbaa990, L_0000028c3bc41320;
L_0000028c3bbaaa30 .concat [ 14 50 0 0], v0000028c3bba6400_0, L_0000028c3bc41368;
L_0000028c3bbaaad0 .cmp/eq 64, L_0000028c3bbaaa30, L_0000028c3bc413b0;
L_0000028c3bbaacb0 .concat [ 3 29 0 0], v0000028c3bba5b40_0, L_0000028c3bc413f8;
L_0000028c3bbaad50 .cmp/eq 32, L_0000028c3bbaacb0, L_0000028c3bc41440;
L_0000028c3bbab110 .concat [ 14 50 0 0], v0000028c3bba6400_0, L_0000028c3bc41488;
L_0000028c3bbaae90 .cmp/eq 64, L_0000028c3bbab110, L_0000028c3bc414d0;
L_0000028c3bbaaf30 .concat [ 4 28 0 0], v0000028c3bba60e0_0, L_0000028c3bc41518;
L_0000028c3bbab750 .cmp/eq 32, L_0000028c3bbaaf30, L_0000028c3bc41560;
S_0000028c3bc3c810 .scope begin, "p_bit_counter" "p_bit_counter" 4 144, 4 144 0, S_0000028c3bc3c3d0;
 .timescale -9 -9;
S_0000028c3bc3c9a0 .scope begin, "p_bit_sample" "p_bit_sample" 4 156, 4 156 0, S_0000028c3bc3c3d0;
 .timescale -9 -9;
S_0000028c3bc3cb30 .scope begin, "p_cycle_counter" "p_cycle_counter" 4 169, 4 169 0, S_0000028c3bc3c3d0;
 .timescale -9 -9;
S_0000028c3bba5940 .scope begin, "p_fsm_state" "p_fsm_state" 4 184, 4 184 0, S_0000028c3bc3c3d0;
 .timescale -9 -9;
S_0000028c3bba57b0 .scope begin, "p_n_fsm_state" "p_n_fsm_state" 4 113, 4 113 0, S_0000028c3bc3c3d0;
 .timescale -9 -9;
S_0000028c3bba5170 .scope begin, "p_recieved_data" "p_recieved_data" 4 130, 4 130 0, S_0000028c3bc3c3d0;
 .timescale -9 -9;
S_0000028c3bba4b30 .scope begin, "p_rxd_reg" "p_rxd_reg" 4 195, 4 195 0, S_0000028c3bc3c3d0;
 .timescale -9 -9;
S_0000028c3bba4cc0 .scope module, "i_uart_tx" "uart_tx" 5 77, 6 10 0, S_0000028c3bb1d980;
 .timescale -9 -9;
    .port_info 0 /INPUT 1 "clk";
    .port_info 1 /INPUT 1 "resetn";
    .port_info 2 /OUTPUT 1 "uart_txd";
    .port_info 3 /OUTPUT 1 "uart_tx_busy";
    .port_info 4 /INPUT 1 "uart_tx_en";
    .port_info 5 /INPUT 8 "uart_tx_data";
P_0000028c3bba7b00 .param/l "BIT_P" 1 6 35, +C4<0000000000000000000000000000000000000000000000011001011011100110>;
P_0000028c3bba7b38 .param/l "BIT_RATE" 0 6 12, +C4<00000000000000000010010110000000>;
P_0000028c3bba7b70 .param/l "CLK_HZ" 0 6 13, +C4<00000010111110101111000010000000>;
P_0000028c3bba7ba8 .param/l "CLK_P" 1 6 39, +C4<0000000000000000000000000000000000000000000000000000000000010100>;
P_0000028c3bba7be0 .param/l "COUNT_REG_LEN" 1 6 51, +C4<000000000000000000000000000001110>;
P_0000028c3bba7c18 .param/l "CYCLES_PER_BIT" 1 6 47, +C4<0000000000000000000000000000000000000000000000000001010001011000>;
P_0000028c3bba7c50 .param/l "FSM_IDLE" 1 6 79, +C4<00000000000000000000000000000000>;
P_0000028c3bba7c88 .param/l "FSM_SEND" 1 6 81, +C4<00000000000000000000000000000010>;
P_0000028c3bba7cc0 .param/l "FSM_START" 1 6 80, +C4<00000000000000000000000000000001>;
P_0000028c3bba7cf8 .param/l "FSM_STOP" 1 6 82, +C4<00000000000000000000000000000011>;
P_0000028c3bba7d30 .param/l "PAYLOAD_BITS" 0 6 15, +C4<00000000000000000000000000001000>;
P_0000028c3bba7d68 .param/l "STOP_BITS" 0 6 17, +C4<00000000000000000000000000000001>;
L_0000028c3bb59d70 .functor BUFZ 1, v0000028c3bba74e0_0, C4<0>, C4<0>, C4<0>;
L_0000028c3bb59830 .functor AND 1, L_0000028c3bbabe30, L_0000028c3bbae300, C4<1>, C4<1>;
v0000028c3bba7940_0 .net *"_ivl_0", 31 0, L_0000028c3bbaafd0;  1 drivers
v0000028c3bba7620_0 .net *"_ivl_10", 63 0, L_0000028c3bbab2f0;  1 drivers
L_0000028c3bc41680 .functor BUFT 1, C4<00000000000000000000000000000000000000000000000000>, C4<0>, C4<0>, C4<0>;
v0000028c3bba64a0_0 .net *"_ivl_13", 49 0, L_0000028c3bc41680;  1 drivers
L_0000028c3bc416c8 .functor BUFT 1, C4<0000000000000000000000000000000000000000000000000001010001011000>, C4<0>, C4<0>, C4<0>;
v0000028c3bba6900_0 .net/2u *"_ivl_14", 63 0, L_0000028c3bc416c8;  1 drivers
v0000028c3bba5c80_0 .net *"_ivl_18", 31 0, L_0000028c3bbaba70;  1 drivers
L_0000028c3bc41710 .functor BUFT 1, C4<0000000000000000000000000000>, C4<0>, C4<0>, C4<0>;
v0000028c3bba76c0_0 .net *"_ivl_21", 27 0, L_0000028c3bc41710;  1 drivers
L_0000028c3bc41758 .functor BUFT 1, C4<00000000000000000000000000001000>, C4<0>, C4<0>, C4<0>;
v0000028c3bba6ea0_0 .net/2u *"_ivl_22", 31 0, L_0000028c3bc41758;  1 drivers
v0000028c3bba62c0_0 .net *"_ivl_26", 31 0, L_0000028c3bbabd90;  1 drivers
L_0000028c3bc417a0 .functor BUFT 1, C4<0000000000000000000000000000>, C4<0>, C4<0>, C4<0>;
v0000028c3bba6220_0 .net *"_ivl_29", 27 0, L_0000028c3bc417a0;  1 drivers
L_0000028c3bc415f0 .functor BUFT 1, C4<00000000000000000000000000000>, C4<0>, C4<0>, C4<0>;
v0000028c3bba6e00_0 .net *"_ivl_3", 28 0, L_0000028c3bc415f0;  1 drivers
L_0000028c3bc417e8 .functor BUFT 1, C4<00000000000000000000000000000001>, C4<0>, C4<0>, C4<0>;
v0000028c3bba6b80_0 .net/2u *"_ivl_30", 31 0, L_0000028c3bc417e8;  1 drivers
v0000028c3bba6f40_0 .net *"_ivl_32", 0 0, L_0000028c3bbabe30;  1 drivers
v0000028c3bba7760_0 .net *"_ivl_34", 31 0, L_0000028c3bbacbe0;  1 drivers
L_0000028c3bc41830 .functor BUFT 1, C4<00000000000000000000000000000>, C4<0>, C4<0>, C4<0>;
v0000028c3bba73a0_0 .net *"_ivl_37", 28 0, L_0000028c3bc41830;  1 drivers
L_0000028c3bc41878 .functor BUFT 1, C4<00000000000000000000000000000011>, C4<0>, C4<0>, C4<0>;
v0000028c3bba6fe0_0 .net/2u *"_ivl_38", 31 0, L_0000028c3bc41878;  1 drivers
L_0000028c3bc41638 .functor BUFT 1, C4<00000000000000000000000000000000>, C4<0>, C4<0>, C4<0>;
v0000028c3bba7800_0 .net/2u *"_ivl_4", 31 0, L_0000028c3bc41638;  1 drivers
v0000028c3bba6360_0 .net *"_ivl_40", 0 0, L_0000028c3bbae300;  1 drivers
v0000028c3bba5d20_0 .var "bit_counter", 3 0;
v0000028c3bba6540_0 .net "clk", 0 0, o0000028c3bb689a8;  alias, 0 drivers
v0000028c3bba6ae0_0 .var "cycle_counter", 13 0;
v0000028c3bba6680_0 .var "data_to_send", 7 0;
v0000028c3bba7440_0 .var "fsm_state", 2 0;
v0000028c3bba7260_0 .var/i "i", 31 0;
v0000028c3bba6a40_0 .var "n_fsm_state", 2 0;
v0000028c3bba5dc0_0 .net "next_bit", 0 0, L_0000028c3bbab9d0;  1 drivers
v0000028c3bba5e60_0 .net "payload_done", 0 0, L_0000028c3bbabb10;  1 drivers
v0000028c3bba6c20_0 .net "resetn", 0 0, o0000028c3bb68af8;  alias, 0 drivers
v0000028c3bba7120_0 .net "stop_done", 0 0, L_0000028c3bb59830;  1 drivers
v0000028c3bba74e0_0 .var "txd_reg", 0 0;
v0000028c3bba65e0_0 .net "uart_tx_busy", 0 0, L_0000028c3bbab070;  alias, 1 drivers
v0000028c3bba5f00_0 .net "uart_tx_data", 7 0, L_0000028c3bb597c0;  alias, 1 drivers
v0000028c3bbac0b0_0 .net "uart_tx_en", 0 0, L_0000028c3bb5a010;  alias, 1 drivers
v0000028c3bbaa2b0_0 .net "uart_txd", 0 0, L_0000028c3bb59d70;  alias, 1 drivers
E_0000028c3bb46de0/0 .event anyedge, v0000028c3bba7440_0, v0000028c3bbac0b0_0, v0000028c3bba5dc0_0, v0000028c3bba5e60_0;
E_0000028c3bb46de0/1 .event anyedge, v0000028c3bba7120_0;
E_0000028c3bb46de0 .event/or E_0000028c3bb46de0/0, E_0000028c3bb46de0/1;
L_0000028c3bbaafd0 .concat [ 3 29 0 0], v0000028c3bba7440_0, L_0000028c3bc415f0;
L_0000028c3bbab070 .cmp/ne 32, L_0000028c3bbaafd0, L_0000028c3bc41638;
L_0000028c3bbab2f0 .concat [ 14 50 0 0], v0000028c3bba6ae0_0, L_0000028c3bc41680;
L_0000028c3bbab9d0 .cmp/eq 64, L_0000028c3bbab2f0, L_0000028c3bc416c8;
L_0000028c3bbaba70 .concat [ 4 28 0 0], v0000028c3bba5d20_0, L_0000028c3bc41710;
L_0000028c3bbabb10 .cmp/eq 32, L_0000028c3bbaba70, L_0000028c3bc41758;
L_0000028c3bbabd90 .concat [ 4 28 0 0], v0000028c3bba5d20_0, L_0000028c3bc417a0;
L_0000028c3bbabe30 .cmp/eq 32, L_0000028c3bbabd90, L_0000028c3bc417e8;
L_0000028c3bbacbe0 .concat [ 3 29 0 0], v0000028c3bba7440_0, L_0000028c3bc41830;
L_0000028c3bbae300 .cmp/eq 32, L_0000028c3bbacbe0, L_0000028c3bc41878;
S_0000028c3bba5300 .scope begin, "p_bit_counter" "p_bit_counter" 6 130, 6 130 0, S_0000028c3bba4cc0;
 .timescale -9 -9;
S_0000028c3bba4e50 .scope begin, "p_cycle_counter" "p_cycle_counter" 6 147, 6 147 0, S_0000028c3bba4cc0;
 .timescale -9 -9;
S_0000028c3bba4fe0 .scope begin, "p_data_to_send" "p_data_to_send" 6 115, 6 115 0, S_0000028c3bba4cc0;
 .timescale -9 -9;
S_0000028c3bba5490 .scope begin, "p_fsm_state" "p_fsm_state" 6 162, 6 162 0, S_0000028c3bba4cc0;
 .timescale -9 -9;
S_0000028c3bba5620 .scope begin, "p_n_fsm_state" "p_n_fsm_state" 6 98, 6 98 0, S_0000028c3bba4cc0;
 .timescale -9 -9;
S_0000028c3bba9250 .scope begin, "p_txd_reg" "p_txd_reg" 6 173, 6 173 0, S_0000028c3bba4cc0;
 .timescale -9 -9;
    .scope S_0000028c3bb1dca0;
T_2 ;
    %wait E_0000028c3bb486a0;
    %load/vec4 v0000028c3bc3a2f0_0;
    %nor/r;
    %flag_set/vec4 8;
    %jmp/0xz  T_2.0, 8;
    %pushi/vec4 0, 0, 8;
    %assign/vec4 v0000028c3bc3be70_0, 0;
    %jmp T_2.1;
T_2.0 ;
    %load/vec4 v0000028c3bc3a610_0;
    %pad/u 32;
    %cmpi/e 3, 0, 32;
    %jmp/0xz  T_2.2, 4;
    %load/vec4 v0000028c3bc3a390_0;
    %assign/vec4 v0000028c3bc3be70_0, 0;
T_2.2 ;
T_2.1 ;
    %jmp T_2;
    .thread T_2;
    .scope S_0000028c3bb1dca0;
T_3 ;
    %wait E_0000028c3bb48e60;
    %fork t_1, S_0000028c3b916750;
    %jmp t_0;
    .scope S_0000028c3b916750;
t_1 ;
    %load/vec4 v0000028c3bc3a610_0;
    %dup/vec4;
    %pushi/vec4 0, 0, 3;
    %cmp/u;
    %jmp/1 T_3.0, 6;
    %dup/vec4;
    %pushi/vec4 1, 0, 3;
    %cmp/u;
    %jmp/1 T_3.1, 6;
    %dup/vec4;
    %pushi/vec4 2, 0, 3;
    %cmp/u;
    %jmp/1 T_3.2, 6;
    %dup/vec4;
    %pushi/vec4 3, 0, 3;
    %cmp/u;
    %jmp/1 T_3.3, 6;
    %pushi/vec4 0, 0, 3;
    %store/vec4 v0000028c3bc3a110_0, 0, 3;
    %jmp T_3.5;
T_3.0 ;
    %load/vec4 v0000028c3bc3b470_0;
    %flag_set/vec4 8;
    %jmp/0 T_3.6, 8;
    %pushi/vec4 0, 0, 32;
    %jmp/1 T_3.7, 8;
T_3.6 ; End of true expr.
    %pushi/vec4 1, 0, 32;
    %jmp/0 T_3.7, 8;
 ; End of false expr.
    %blend;
T_3.7;
    %pad/s 3;
    %store/vec4 v0000028c3bc3a110_0, 0, 3;
    %jmp T_3.5;
T_3.1 ;
    %load/vec4 v0000028c3bc3bdd0_0;
    %flag_set/vec4 8;
    %jmp/0 T_3.8, 8;
    %pushi/vec4 2, 0, 32;
    %jmp/1 T_3.9, 8;
T_3.8 ; End of true expr.
    %pushi/vec4 1, 0, 32;
    %jmp/0 T_3.9, 8;
 ; End of false expr.
    %blend;
T_3.9;
    %pad/s 3;
    %store/vec4 v0000028c3bc3a110_0, 0, 3;
    %jmp T_3.5;
T_3.2 ;
    %load/vec4 v0000028c3bc3ac50_0;
    %flag_set/vec4 8;
    %jmp/0 T_3.10, 8;
    %pushi/vec4 3, 0, 32;
    %jmp/1 T_3.11, 8;
T_3.10 ; End of true expr.
    %pushi/vec4 2, 0, 32;
    %jmp/0 T_3.11, 8;
 ; End of false expr.
    %blend;
T_3.11;
    %pad/s 3;
    %store/vec4 v0000028c3bc3a110_0, 0, 3;
    %jmp T_3.5;
T_3.3 ;
    %load/vec4 v0000028c3bc3bdd0_0;
    %flag_set/vec4 8;
    %jmp/0 T_3.12, 8;
    %pushi/vec4 0, 0, 32;
    %jmp/1 T_3.13, 8;
T_3.12 ; End of true expr.
    %pushi/vec4 3, 0, 32;
    %jmp/0 T_3.13, 8;
 ; End of false expr.
    %blend;
T_3.13;
    %pad/s 3;
    %store/vec4 v0000028c3bc3a110_0, 0, 3;
    %jmp T_3.5;
T_3.5 ;
    %pop/vec4 1;
    %end;
    .scope S_0000028c3bb1dca0;
t_0 %join;
    %jmp T_3;
    .thread T_3, $push;
    .scope S_0000028c3bb1dca0;
T_4 ;
    %wait E_0000028c3bb486a0;
    %fork t_3, S_0000028c3b9168e0;
    %jmp t_2;
    .scope S_0000028c3b9168e0;
t_3 ;
    %load/vec4 v0000028c3bc3a2f0_0;
    %nor/r;
    %flag_set/vec4 8;
    %jmp/0xz  T_4.0, 8;
    %pushi/vec4 0, 0, 8;
    %assign/vec4 v0000028c3bc3a390_0, 0;
    %jmp T_4.1;
T_4.0 ;
    %load/vec4 v0000028c3bc3a610_0;
    %pad/u 32;
    %cmpi/e 0, 0, 32;
    %jmp/0xz  T_4.2, 4;
    %pushi/vec4 0, 0, 8;
    %assign/vec4 v0000028c3bc3a390_0, 0;
    %jmp T_4.3;
T_4.2 ;
    %load/vec4 v0000028c3bc3a610_0;
    %pad/u 32;
    %pushi/vec4 2, 0, 32;
    %cmp/e;
    %flag_get/vec4 4;
    %load/vec4 v0000028c3bc3bdd0_0;
    %and;
    %flag_set/vec4 8;
    %jmp/0xz  T_4.4, 8;
    %load/vec4 v0000028c3bb3b460_0;
    %load/vec4 v0000028c3bc3a390_0;
    %parti/s 7, 1, 2;
    %concat/vec4; draw_concat_vec4
    %assign/vec4 v0000028c3bc3a390_0, 0;
T_4.4 ;
T_4.3 ;
T_4.1 ;
    %end;
    .scope S_0000028c3bb1dca0;
t_2 %join;
    %jmp T_4;
    .thread T_4;
    .scope S_0000028c3bb1dca0;
T_5 ;
    %wait E_0000028c3bb486a0;
    %fork t_5, S_0000028c3bb04f50;
    %jmp t_4;
    .scope S_0000028c3bb04f50;
t_5 ;
    %load/vec4 v0000028c3bc3a2f0_0;
    %nor/r;
    %flag_set/vec4 8;
    %jmp/0xz  T_5.0, 8;
    %pushi/vec4 0, 0, 4;
    %assign/vec4 v0000028c3bb3b320_0, 0;
    %jmp T_5.1;
T_5.0 ;
    %load/vec4 v0000028c3bc3a610_0;
    %pad/u 32;
    %cmpi/ne 2, 0, 32;
    %jmp/0xz  T_5.2, 4;
    %pushi/vec4 0, 0, 4;
    %assign/vec4 v0000028c3bb3b320_0, 0;
    %jmp T_5.3;
T_5.2 ;
    %load/vec4 v0000028c3bc3a610_0;
    %pad/u 32;
    %pushi/vec4 2, 0, 32;
    %cmp/e;
    %flag_get/vec4 4;
    %load/vec4 v0000028c3bc3bdd0_0;
    %and;
    %flag_set/vec4 8;
    %jmp/0xz  T_5.4, 8;
    %load/vec4 v0000028c3bb3b320_0;
    %addi 1, 0, 4;
    %assign/vec4 v0000028c3bb3b320_0, 0;
T_5.4 ;
T_5.3 ;
T_5.1 ;
    %end;
    .scope S_0000028c3bb1dca0;
t_4 %join;
    %jmp T_5;
    .thread T_5;
    .scope S_0000028c3bb1dca0;
T_6 ;
    %wait E_0000028c3bb486a0;
    %fork t_7, S_0000028c3bafe520;
    %jmp t_6;
    .scope S_0000028c3bafe520;
t_7 ;
    %load/vec4 v0000028c3bc3a2f0_0;
    %nor/r;
    %flag_set/vec4 8;
    %jmp/0xz  T_6.0, 8;
    %pushi/vec4 0, 0, 1;
    %assign/vec4 v0000028c3bb3b460_0, 0;
    %jmp T_6.1;
T_6.0 ;
    %load/vec4 v0000028c3bc3b650_0;
    %pad/u 64;
    %cmpi/e 217, 0, 64;
    %jmp/0xz  T_6.2, 4;
    %load/vec4 v0000028c3bc3b470_0;
    %assign/vec4 v0000028c3bb3b460_0, 0;
T_6.2 ;
T_6.1 ;
    %end;
    .scope S_0000028c3bb1dca0;
t_6 %join;
    %jmp T_6;
    .thread T_6;
    .scope S_0000028c3bb1dca0;
T_7 ;
    %wait E_0000028c3bb486a0;
    %fork t_9, S_0000028c3bafe6b0;
    %jmp t_8;
    .scope S_0000028c3bafe6b0;
t_9 ;
    %load/vec4 v0000028c3bc3a2f0_0;
    %nor/r;
    %flag_set/vec4 8;
    %jmp/0xz  T_7.0, 8;
    %pushi/vec4 0, 0, 10;
    %assign/vec4 v0000028c3bc3b650_0, 0;
    %jmp T_7.1;
T_7.0 ;
    %load/vec4 v0000028c3bc3bdd0_0;
    %flag_set/vec4 8;
    %jmp/0xz  T_7.2, 8;
    %pushi/vec4 0, 0, 10;
    %assign/vec4 v0000028c3bc3b650_0, 0;
    %jmp T_7.3;
T_7.2 ;
    %load/vec4 v0000028c3bc3a610_0;
    %pad/u 32;
    %cmpi/e 1, 0, 32;
    %flag_mov 8, 4;
    %load/vec4 v0000028c3bc3a610_0;
    %pad/u 32;
    %cmpi/e 2, 0, 32;
    %flag_or 4, 8;
    %flag_mov 8, 4;
    %load/vec4 v0000028c3bc3a610_0;
    %pad/u 32;
    %cmpi/e 3, 0, 32;
    %flag_or 4, 8;
    %jmp/0xz  T_7.4, 4;
    %load/vec4 v0000028c3bc3b650_0;
    %addi 1, 0, 10;
    %assign/vec4 v0000028c3bc3b650_0, 0;
T_7.4 ;
T_7.3 ;
T_7.1 ;
    %end;
    .scope S_0000028c3bb1dca0;
t_8 %join;
    %jmp T_7;
    .thread T_7;
    .scope S_0000028c3bb1dca0;
T_8 ;
    %wait E_0000028c3bb486a0;
    %fork t_11, S_0000028c3bafe840;
    %jmp t_10;
    .scope S_0000028c3bafe840;
t_11 ;
    %load/vec4 v0000028c3bc3a2f0_0;
    %nor/r;
    %flag_set/vec4 8;
    %jmp/0xz  T_8.0, 8;
    %pushi/vec4 0, 0, 3;
    %assign/vec4 v0000028c3bc3a610_0, 0;
    %jmp T_8.1;
T_8.0 ;
    %load/vec4 v0000028c3bc3a110_0;
    %assign/vec4 v0000028c3bc3a610_0, 0;
T_8.1 ;
    %end;
    .scope S_0000028c3bb1dca0;
t_10 %join;
    %jmp T_8;
    .thread T_8;
    .scope S_0000028c3bb1dca0;
T_9 ;
    %wait E_0000028c3bb486a0;
    %fork t_13, S_0000028c3b916a70;
    %jmp t_12;
    .scope S_0000028c3b916a70;
t_13 ;
    %load/vec4 v0000028c3bc3a2f0_0;
    %nor/r;
    %flag_set/vec4 8;
    %jmp/0xz  T_9.0, 8;
    %pushi/vec4 1, 0, 1;
    %assign/vec4 v0000028c3bc3b470_0, 0;
    %pushi/vec4 1, 0, 1;
    %assign/vec4 v0000028c3bc3acf0_0, 0;
    %jmp T_9.1;
T_9.0 ;
    %load/vec4 v0000028c3bc3b010_0;
    %flag_set/vec4 8;
    %jmp/0xz  T_9.2, 8;
    %load/vec4 v0000028c3bc3acf0_0;
    %assign/vec4 v0000028c3bc3b470_0, 0;
    %load/vec4 v0000028c3bc3a930_0;
    %assign/vec4 v0000028c3bc3acf0_0, 0;
T_9.2 ;
T_9.1 ;
    %end;
    .scope S_0000028c3bb1dca0;
t_12 %join;
    %jmp T_9;
    .thread T_9;
    .scope S_0000028c3bb4c610;
T_10 ;
    %pushi/vec4 0, 0, 32;
    %store/vec4 v0000028c3bc3ae30_0, 0, 32;
    %pushi/vec4 0, 0, 32;
    %store/vec4 v0000028c3bc3bbf0_0, 0, 32;
    %end;
    .thread T_10, $init;
    .scope S_0000028c3bb4c610;
T_11 ;
    %pushi/vec4 0, 0, 1;
    %store/vec4 v0000028c3bc3bd30_0, 0, 1;
T_11.0 ;
    %delay 5, 0;
    %load/vec4 v0000028c3bc3bd30_0;
    %inv;
    %store/vec4 v0000028c3bc3bd30_0, 0, 1;
    %jmp T_11.0;
    %end;
    .thread T_11;
    .scope S_0000028c3bb4c610;
T_12 ;
    %pushi/vec4 0, 0, 1;
    %store/vec4 v0000028c3bc3aa70_0, 0, 1;
    %pushi/vec4 0, 0, 1;
    %store/vec4 v0000028c3bc3bd30_0, 0, 1;
    %pushi/vec4 1, 0, 1;
    %store/vec4 v0000028c3bc3b330_0, 0, 1;
    %delay 40, 0;
    %pushi/vec4 1, 0, 1;
    %store/vec4 v0000028c3bc3aa70_0, 0, 1;
    %vpi_call/w 3 121 "$dumpvars", 32'sb00000000000000000000000000000000, S_0000028c3bb4c610 {0 0 0};
    %pushi/vec4 1, 0, 1;
    %store/vec4 v0000028c3bc3b790_0, 0, 1;
    %delay 1000, 0;
    %pushi/vec4 10, 0, 32;
T_12.0 %dup/vec4;
    %pushi/vec4 0, 0, 32;
    %cmp/s;
    %jmp/1xz T_12.1, 5;
    %jmp/1 T_12.1, 4;
    %pushi/vec4 1, 0, 32;
    %sub;
    %vpi_func 3 128 "$random" 32 {0 0 0};
    %pad/s 8;
    %store/vec4 v0000028c3bc3aed0_0, 0, 8;
    %load/vec4 v0000028c3bc3aed0_0;
    %store/vec4 v0000028c3bc3a1b0_0, 0, 8;
    %fork TD_tb.send_byte, S_0000028c3bc3c240;
    %join;
    %load/vec4 v0000028c3bc3aed0_0;
    %store/vec4 v0000028c3bb52450_0, 0, 8;
    %fork TD_tb.check_byte, S_0000028c3bb1db10;
    %join;
    %jmp T_12.0;
T_12.1 ;
    %pop/vec4 1;
    %vpi_call/w 3 132 "$display", "BIT RATE      : %db/s", P_0000028c3bb4c7d8 {0 0 0};
    %vpi_call/w 3 133 "$display", "CLK PERIOD    : %dns", P_0000028c3bb4c848 {0 0 0};
    %vpi_call/w 3 134 "$display", "CYCLES/BIT    : %d", P_0000028c3bb04db8 {0 0 0};
    %vpi_call/w 3 135 "$display", "SAMPLE PERIOD : %d", 64'sb0000000000000000000000000000000000000000000000000010000111101000 {0 0 0};
    %vpi_call/w 3 136 "$display", "BIT PERIOD    : %dns", P_0000028c3bb4c7a0 {0 0 0};
    %vpi_call/w 3 138 "$display", "Test Results:" {0 0 0};
    %vpi_call/w 3 139 "$display", "    PASSES: %d", v0000028c3bc3ae30_0 {0 0 0};
    %vpi_call/w 3 140 "$display", "    FAILS : %d", v0000028c3bc3bbf0_0 {0 0 0};
    %vpi_call/w 3 142 "$display", "Finish simulation at time %d", $time {0 0 0};
    %vpi_call/w 3 143 "$stop" {0 0 0};
    %end;
    .thread T_12;
    .scope S_0000028c3bc3c3d0;
T_13 ;
    %wait E_0000028c3bb49320;
    %load/vec4 v0000028c3bba6720_0;
    %nor/r;
    %flag_set/vec4 8;
    %jmp/0xz  T_13.0, 8;
    %pushi/vec4 0, 0, 8;
    %assign/vec4 v0000028c3bba6d60_0, 0;
    %jmp T_13.1;
T_13.0 ;
    %load/vec4 v0000028c3bba5b40_0;
    %pad/u 32;
    %cmpi/e 3, 0, 32;
    %jmp/0xz  T_13.2, 4;
    %load/vec4 v0000028c3bba6040_0;
    %assign/vec4 v0000028c3bba6d60_0, 0;
T_13.2 ;
T_13.1 ;
    %jmp T_13;
    .thread T_13;
    .scope S_0000028c3bc3c3d0;
T_14 ;
    %wait E_0000028c3bb469e0;
    %fork t_15, S_0000028c3bba57b0;
    %jmp t_14;
    .scope S_0000028c3bba57b0;
t_15 ;
    %load/vec4 v0000028c3bba5b40_0;
    %dup/vec4;
    %pushi/vec4 0, 0, 3;
    %cmp/u;
    %jmp/1 T_14.0, 6;
    %dup/vec4;
    %pushi/vec4 1, 0, 3;
    %cmp/u;
    %jmp/1 T_14.1, 6;
    %dup/vec4;
    %pushi/vec4 2, 0, 3;
    %cmp/u;
    %jmp/1 T_14.2, 6;
    %dup/vec4;
    %pushi/vec4 3, 0, 3;
    %cmp/u;
    %jmp/1 T_14.3, 6;
    %pushi/vec4 0, 0, 3;
    %store/vec4 v0000028c3bba7300_0, 0, 3;
    %jmp T_14.5;
T_14.0 ;
    %load/vec4 v0000028c3bba7580_0;
    %flag_set/vec4 8;
    %jmp/0 T_14.6, 8;
    %pushi/vec4 0, 0, 32;
    %jmp/1 T_14.7, 8;
T_14.6 ; End of true expr.
    %pushi/vec4 1, 0, 32;
    %jmp/0 T_14.7, 8;
 ; End of false expr.
    %blend;
T_14.7;
    %pad/s 3;
    %store/vec4 v0000028c3bba7300_0, 0, 3;
    %jmp T_14.5;
T_14.1 ;
    %load/vec4 v0000028c3bba5fa0_0;
    %flag_set/vec4 8;
    %jmp/0 T_14.8, 8;
    %pushi/vec4 2, 0, 32;
    %jmp/1 T_14.9, 8;
T_14.8 ; End of true expr.
    %pushi/vec4 1, 0, 32;
    %jmp/0 T_14.9, 8;
 ; End of false expr.
    %blend;
T_14.9;
    %pad/s 3;
    %store/vec4 v0000028c3bba7300_0, 0, 3;
    %jmp T_14.5;
T_14.2 ;
    %load/vec4 v0000028c3bba5be0_0;
    %flag_set/vec4 8;
    %jmp/0 T_14.10, 8;
    %pushi/vec4 3, 0, 32;
    %jmp/1 T_14.11, 8;
T_14.10 ; End of true expr.
    %pushi/vec4 2, 0, 32;
    %jmp/0 T_14.11, 8;
 ; End of false expr.
    %blend;
T_14.11;
    %pad/s 3;
    %store/vec4 v0000028c3bba7300_0, 0, 3;
    %jmp T_14.5;
T_14.3 ;
    %load/vec4 v0000028c3bba5fa0_0;
    %flag_set/vec4 8;
    %jmp/0 T_14.12, 8;
    %pushi/vec4 0, 0, 32;
    %jmp/1 T_14.13, 8;
T_14.12 ; End of true expr.
    %pushi/vec4 3, 0, 32;
    %jmp/0 T_14.13, 8;
 ; End of false expr.
    %blend;
T_14.13;
    %pad/s 3;
    %store/vec4 v0000028c3bba7300_0, 0, 3;
    %jmp T_14.5;
T_14.5 ;
    %pop/vec4 1;
    %end;
    .scope S_0000028c3bc3c3d0;
t_14 %join;
    %jmp T_14;
    .thread T_14, $push;
    .scope S_0000028c3bc3c3d0;
T_15 ;
    %wait E_0000028c3bb49320;
    %fork t_17, S_0000028c3bba5170;
    %jmp t_16;
    .scope S_0000028c3bba5170;
t_17 ;
    %load/vec4 v0000028c3bba6720_0;
    %nor/r;
    %flag_set/vec4 8;
    %jmp/0xz  T_15.0, 8;
    %pushi/vec4 0, 0, 8;
    %assign/vec4 v0000028c3bba6040_0, 0;
    %jmp T_15.1;
T_15.0 ;
    %load/vec4 v0000028c3bba5b40_0;
    %pad/u 32;
    %cmpi/e 0, 0, 32;
    %jmp/0xz  T_15.2, 4;
    %pushi/vec4 0, 0, 8;
    %assign/vec4 v0000028c3bba6040_0, 0;
    %jmp T_15.3;
T_15.2 ;
    %load/vec4 v0000028c3bba5b40_0;
    %pad/u 32;
    %pushi/vec4 2, 0, 32;
    %cmp/e;
    %flag_get/vec4 4;
    %load/vec4 v0000028c3bba5fa0_0;
    %and;
    %flag_set/vec4 8;
    %jmp/0xz  T_15.4, 8;
    %load/vec4 v0000028c3bba69a0_0;
    %load/vec4 v0000028c3bba6040_0;
    %parti/s 7, 1, 2;
    %concat/vec4; draw_concat_vec4
    %assign/vec4 v0000028c3bba6040_0, 0;
T_15.4 ;
T_15.3 ;
T_15.1 ;
    %end;
    .scope S_0000028c3bc3c3d0;
t_16 %join;
    %jmp T_15;
    .thread T_15;
    .scope S_0000028c3bc3c3d0;
T_16 ;
    %wait E_0000028c3bb49320;
    %fork t_19, S_0000028c3bc3c810;
    %jmp t_18;
    .scope S_0000028c3bc3c810;
t_19 ;
    %load/vec4 v0000028c3bba6720_0;
    %nor/r;
    %flag_set/vec4 8;
    %jmp/0xz  T_16.0, 8;
    %pushi/vec4 0, 0, 4;
    %assign/vec4 v0000028c3bba60e0_0, 0;
    %jmp T_16.1;
T_16.0 ;
    %load/vec4 v0000028c3bba5b40_0;
    %pad/u 32;
    %cmpi/ne 2, 0, 32;
    %jmp/0xz  T_16.2, 4;
    %pushi/vec4 0, 0, 4;
    %assign/vec4 v0000028c3bba60e0_0, 0;
    %jmp T_16.3;
T_16.2 ;
    %load/vec4 v0000028c3bba5b40_0;
    %pad/u 32;
    %pushi/vec4 2, 0, 32;
    %cmp/e;
    %flag_get/vec4 4;
    %load/vec4 v0000028c3bba5fa0_0;
    %and;
    %flag_set/vec4 8;
    %jmp/0xz  T_16.4, 8;
    %load/vec4 v0000028c3bba60e0_0;
    %addi 1, 0, 4;
    %assign/vec4 v0000028c3bba60e0_0, 0;
T_16.4 ;
T_16.3 ;
T_16.1 ;
    %end;
    .scope S_0000028c3bc3c3d0;
t_18 %join;
    %jmp T_16;
    .thread T_16;
    .scope S_0000028c3bc3c3d0;
T_17 ;
    %wait E_0000028c3bb49320;
    %fork t_21, S_0000028c3bc3c9a0;
    %jmp t_20;
    .scope S_0000028c3bc3c9a0;
t_21 ;
    %load/vec4 v0000028c3bba6720_0;
    %nor/r;
    %flag_set/vec4 8;
    %jmp/0xz  T_17.0, 8;
    %pushi/vec4 0, 0, 1;
    %assign/vec4 v0000028c3bba69a0_0, 0;
    %jmp T_17.1;
T_17.0 ;
    %load/vec4 v0000028c3bba6400_0;
    %pad/u 64;
    %cmpi/e 2604, 0, 64;
    %jmp/0xz  T_17.2, 4;
    %load/vec4 v0000028c3bba7580_0;
    %assign/vec4 v0000028c3bba69a0_0, 0;
T_17.2 ;
T_17.1 ;
    %end;
    .scope S_0000028c3bc3c3d0;
t_20 %join;
    %jmp T_17;
    .thread T_17;
    .scope S_0000028c3bc3c3d0;
T_18 ;
    %wait E_0000028c3bb49320;
    %fork t_23, S_0000028c3bc3cb30;
    %jmp t_22;
    .scope S_0000028c3bc3cb30;
t_23 ;
    %load/vec4 v0000028c3bba6720_0;
    %nor/r;
    %flag_set/vec4 8;
    %jmp/0xz  T_18.0, 8;
    %pushi/vec4 0, 0, 14;
    %assign/vec4 v0000028c3bba6400_0, 0;
    %jmp T_18.1;
T_18.0 ;
    %load/vec4 v0000028c3bba5fa0_0;
    %flag_set/vec4 8;
    %jmp/0xz  T_18.2, 8;
    %pushi/vec4 0, 0, 14;
    %assign/vec4 v0000028c3bba6400_0, 0;
    %jmp T_18.3;
T_18.2 ;
    %load/vec4 v0000028c3bba5b40_0;
    %pad/u 32;
    %cmpi/e 1, 0, 32;
    %flag_mov 8, 4;
    %load/vec4 v0000028c3bba5b40_0;
    %pad/u 32;
    %cmpi/e 2, 0, 32;
    %flag_or 4, 8;
    %flag_mov 8, 4;
    %load/vec4 v0000028c3bba5b40_0;
    %pad/u 32;
    %cmpi/e 3, 0, 32;
    %flag_or 4, 8;
    %jmp/0xz  T_18.4, 4;
    %load/vec4 v0000028c3bba6400_0;
    %addi 1, 0, 14;
    %assign/vec4 v0000028c3bba6400_0, 0;
T_18.4 ;
T_18.3 ;
T_18.1 ;
    %end;
    .scope S_0000028c3bc3c3d0;
t_22 %join;
    %jmp T_18;
    .thread T_18;
    .scope S_0000028c3bc3c3d0;
T_19 ;
    %wait E_0000028c3bb49320;
    %fork t_25, S_0000028c3bba5940;
    %jmp t_24;
    .scope S_0000028c3bba5940;
t_25 ;
    %load/vec4 v0000028c3bba6720_0;
    %nor/r;
    %flag_set/vec4 8;
    %jmp/0xz  T_19.0, 8;
    %pushi/vec4 0, 0, 3;
    %assign/vec4 v0000028c3bba5b40_0, 0;
    %jmp T_19.1;
T_19.0 ;
    %load/vec4 v0000028c3bba7300_0;
    %assign/vec4 v0000028c3bba5b40_0, 0;
T_19.1 ;
    %end;
    .scope S_0000028c3bc3c3d0;
t_24 %join;
    %jmp T_19;
    .thread T_19;
    .scope S_0000028c3bc3c3d0;
T_20 ;
    %wait E_0000028c3bb49320;
    %fork t_27, S_0000028c3bba4b30;
    %jmp t_26;
    .scope S_0000028c3bba4b30;
t_27 ;
    %load/vec4 v0000028c3bba6720_0;
    %nor/r;
    %flag_set/vec4 8;
    %jmp/0xz  T_20.0, 8;
    %pushi/vec4 1, 0, 1;
    %assign/vec4 v0000028c3bba7580_0, 0;
    %pushi/vec4 1, 0, 1;
    %assign/vec4 v0000028c3bba71c0_0, 0;
    %jmp T_20.1;
T_20.0 ;
    %load/vec4 v0000028c3bba7080_0;
    %flag_set/vec4 8;
    %jmp/0xz  T_20.2, 8;
    %load/vec4 v0000028c3bba71c0_0;
    %assign/vec4 v0000028c3bba7580_0, 0;
    %load/vec4 v0000028c3bba78a0_0;
    %assign/vec4 v0000028c3bba71c0_0, 0;
T_20.2 ;
T_20.1 ;
    %end;
    .scope S_0000028c3bc3c3d0;
t_26 %join;
    %jmp T_20;
    .thread T_20;
    .scope S_0000028c3bba4cc0;
T_21 ;
    %pushi/vec4 0, 0, 32;
    %store/vec4 v0000028c3bba7260_0, 0, 32;
    %end;
    .thread T_21, $init;
    .scope S_0000028c3bba4cc0;
T_22 ;
    %wait E_0000028c3bb46de0;
    %fork t_29, S_0000028c3bba5620;
    %jmp t_28;
    .scope S_0000028c3bba5620;
t_29 ;
    %load/vec4 v0000028c3bba7440_0;
    %dup/vec4;
    %pushi/vec4 0, 0, 3;
    %cmp/u;
    %jmp/1 T_22.0, 6;
    %dup/vec4;
    %pushi/vec4 1, 0, 3;
    %cmp/u;
    %jmp/1 T_22.1, 6;
    %dup/vec4;
    %pushi/vec4 2, 0, 3;
    %cmp/u;
    %jmp/1 T_22.2, 6;
    %dup/vec4;
    %pushi/vec4 3, 0, 3;
    %cmp/u;
    %jmp/1 T_22.3, 6;
    %pushi/vec4 0, 0, 3;
    %store/vec4 v0000028c3bba6a40_0, 0, 3;
    %jmp T_22.5;
T_22.0 ;
    %load/vec4 v0000028c3bbac0b0_0;
    %flag_set/vec4 8;
    %jmp/0 T_22.6, 8;
    %pushi/vec4 1, 0, 32;
    %jmp/1 T_22.7, 8;
T_22.6 ; End of true expr.
    %pushi/vec4 0, 0, 32;
    %jmp/0 T_22.7, 8;
 ; End of false expr.
    %blend;
T_22.7;
    %pad/s 3;
    %store/vec4 v0000028c3bba6a40_0, 0, 3;
    %jmp T_22.5;
T_22.1 ;
    %load/vec4 v0000028c3bba5dc0_0;
    %flag_set/vec4 8;
    %jmp/0 T_22.8, 8;
    %pushi/vec4 2, 0, 32;
    %jmp/1 T_22.9, 8;
T_22.8 ; End of true expr.
    %pushi/vec4 1, 0, 32;
    %jmp/0 T_22.9, 8;
 ; End of false expr.
    %blend;
T_22.9;
    %pad/s 3;
    %store/vec4 v0000028c3bba6a40_0, 0, 3;
    %jmp T_22.5;
T_22.2 ;
    %load/vec4 v0000028c3bba5e60_0;
    %flag_set/vec4 8;
    %jmp/0 T_22.10, 8;
    %pushi/vec4 3, 0, 32;
    %jmp/1 T_22.11, 8;
T_22.10 ; End of true expr.
    %pushi/vec4 2, 0, 32;
    %jmp/0 T_22.11, 8;
 ; End of false expr.
    %blend;
T_22.11;
    %pad/s 3;
    %store/vec4 v0000028c3bba6a40_0, 0, 3;
    %jmp T_22.5;
T_22.3 ;
    %load/vec4 v0000028c3bba7120_0;
    %flag_set/vec4 8;
    %jmp/0 T_22.12, 8;
    %pushi/vec4 0, 0, 32;
    %jmp/1 T_22.13, 8;
T_22.12 ; End of true expr.
    %pushi/vec4 3, 0, 32;
    %jmp/0 T_22.13, 8;
 ; End of false expr.
    %blend;
T_22.13;
    %pad/s 3;
    %store/vec4 v0000028c3bba6a40_0, 0, 3;
    %jmp T_22.5;
T_22.5 ;
    %pop/vec4 1;
    %end;
    .scope S_0000028c3bba4cc0;
t_28 %join;
    %jmp T_22;
    .thread T_22, $push;
    .scope S_0000028c3bba4cc0;
T_23 ;
    %wait E_0000028c3bb49320;
    %fork t_31, S_0000028c3bba4fe0;
    %jmp t_30;
    .scope S_0000028c3bba4fe0;
t_31 ;
    %load/vec4 v0000028c3bba6c20_0;
    %nor/r;
    %flag_set/vec4 8;
    %jmp/0xz  T_23.0, 8;
    %pushi/vec4 0, 0, 8;
    %assign/vec4 v0000028c3bba6680_0, 0;
    %jmp T_23.1;
T_23.0 ;
    %load/vec4 v0000028c3bba7440_0;
    %pad/u 32;
    %pushi/vec4 0, 0, 32;
    %cmp/e;
    %flag_get/vec4 4;
    %load/vec4 v0000028c3bbac0b0_0;
    %and;
    %flag_set/vec4 8;
    %jmp/0xz  T_23.2, 8;
    %load/vec4 v0000028c3bba5f00_0;
    %assign/vec4 v0000028c3bba6680_0, 0;
    %jmp T_23.3;
T_23.2 ;
    %load/vec4 v0000028c3bba7440_0;
    %pad/u 32;
    %pushi/vec4 2, 0, 32;
    %cmp/e;
    %flag_get/vec4 4;
    %load/vec4 v0000028c3bba5dc0_0;
    %and;
    %flag_set/vec4 8;
    %jmp/0xz  T_23.4, 8;
    %pushi/vec4 6, 0, 32;
    %store/vec4 v0000028c3bba7260_0, 0, 32;
T_23.6 ;
    %load/vec4 v0000028c3bba7260_0;
    %cmpi/s 0, 0, 32;
    %flag_inv 5; GE is !LT
    %jmp/0xz T_23.7, 5;
    %load/vec4 v0000028c3bba6680_0;
    %load/vec4 v0000028c3bba7260_0;
    %addi 1, 0, 32;
    %part/s 1;
    %ix/load 5, 0, 0;
    %ix/getv/s 4, v0000028c3bba7260_0;
    %assign/vec4/off/d v0000028c3bba6680_0, 4, 5;
    %load/vec4 v0000028c3bba7260_0;
    %subi 1, 0, 32;
    %store/vec4 v0000028c3bba7260_0, 0, 32;
    %jmp T_23.6;
T_23.7 ;
T_23.4 ;
T_23.3 ;
T_23.1 ;
    %end;
    .scope S_0000028c3bba4cc0;
t_30 %join;
    %jmp T_23;
    .thread T_23;
    .scope S_0000028c3bba4cc0;
T_24 ;
    %wait E_0000028c3bb49320;
    %fork t_33, S_0000028c3bba5300;
    %jmp t_32;
    .scope S_0000028c3bba5300;
t_33 ;
    %load/vec4 v0000028c3bba6c20_0;
    %nor/r;
    %flag_set/vec4 8;
    %jmp/0xz  T_24.0, 8;
    %pushi/vec4 0, 0, 4;
    %assign/vec4 v0000028c3bba5d20_0, 0;
    %jmp T_24.1;
T_24.0 ;
    %load/vec4 v0000028c3bba7440_0;
    %pad/u 32;
    %pushi/vec4 2, 0, 32;
    %cmp/ne;
    %flag_get/vec4 4;
    %load/vec4 v0000028c3bba7440_0;
    %pad/u 32;
    %pushi/vec4 3, 0, 32;
    %cmp/ne;
    %flag_get/vec4 4;
    %and;
    %flag_set/vec4 8;
    %jmp/0xz  T_24.2, 8;
    %pushi/vec4 0, 0, 4;
    %assign/vec4 v0000028c3bba5d20_0, 0;
    %jmp T_24.3;
T_24.2 ;
    %load/vec4 v0000028c3bba7440_0;
    %pad/u 32;
    %pushi/vec4 2, 0, 32;
    %cmp/e;
    %flag_get/vec4 4;
    %load/vec4 v0000028c3bba6a40_0;
    %pad/u 32;
    %pushi/vec4 3, 0, 32;
    %cmp/e;
    %flag_get/vec4 4;
    %and;
    %flag_set/vec4 8;
    %jmp/0xz  T_24.4, 8;
    %pushi/vec4 0, 0, 4;
    %assign/vec4 v0000028c3bba5d20_0, 0;
    %jmp T_24.5;
T_24.4 ;
    %load/vec4 v0000028c3bba7440_0;
    %pad/u 32;
    %pushi/vec4 3, 0, 32;
    %cmp/e;
    %flag_get/vec4 4;
    %load/vec4 v0000028c3bba5dc0_0;
    %and;
    %flag_set/vec4 8;
    %jmp/0xz  T_24.6, 8;
    %load/vec4 v0000028c3bba5d20_0;
    %addi 1, 0, 4;
    %assign/vec4 v0000028c3bba5d20_0, 0;
    %jmp T_24.7;
T_24.6 ;
    %load/vec4 v0000028c3bba7440_0;
    %pad/u 32;
    %pushi/vec4 2, 0, 32;
    %cmp/e;
    %flag_get/vec4 4;
    %load/vec4 v0000028c3bba5dc0_0;
    %and;
    %flag_set/vec4 8;
    %jmp/0xz  T_24.8, 8;
    %load/vec4 v0000028c3bba5d20_0;
    %addi 1, 0, 4;
    %assign/vec4 v0000028c3bba5d20_0, 0;
T_24.8 ;
T_24.7 ;
T_24.5 ;
T_24.3 ;
T_24.1 ;
    %end;
    .scope S_0000028c3bba4cc0;
t_32 %join;
    %jmp T_24;
    .thread T_24;
    .scope S_0000028c3bba4cc0;
T_25 ;
    %wait E_0000028c3bb49320;
    %fork t_35, S_0000028c3bba4e50;
    %jmp t_34;
    .scope S_0000028c3bba4e50;
t_35 ;
    %load/vec4 v0000028c3bba6c20_0;
    %nor/r;
    %flag_set/vec4 8;
    %jmp/0xz  T_25.0, 8;
    %pushi/vec4 0, 0, 14;
    %assign/vec4 v0000028c3bba6ae0_0, 0;
    %jmp T_25.1;
T_25.0 ;
    %load/vec4 v0000028c3bba5dc0_0;
    %flag_set/vec4 8;
    %jmp/0xz  T_25.2, 8;
    %pushi/vec4 0, 0, 14;
    %assign/vec4 v0000028c3bba6ae0_0, 0;
    %jmp T_25.3;
T_25.2 ;
    %load/vec4 v0000028c3bba7440_0;
    %pad/u 32;
    %cmpi/e 1, 0, 32;
    %flag_mov 8, 4;
    %load/vec4 v0000028c3bba7440_0;
    %pad/u 32;
    %cmpi/e 2, 0, 32;
    %flag_or 4, 8;
    %flag_mov 8, 4;
    %load/vec4 v0000028c3bba7440_0;
    %pad/u 32;
    %cmpi/e 3, 0, 32;
    %flag_or 4, 8;
    %jmp/0xz  T_25.4, 4;
    %load/vec4 v0000028c3bba6ae0_0;
    %addi 1, 0, 14;
    %assign/vec4 v0000028c3bba6ae0_0, 0;
T_25.4 ;
T_25.3 ;
T_25.1 ;
    %end;
    .scope S_0000028c3bba4cc0;
t_34 %join;
    %jmp T_25;
    .thread T_25;
    .scope S_0000028c3bba4cc0;
T_26 ;
    %wait E_0000028c3bb49320;
    %fork t_37, S_0000028c3bba5490;
    %jmp t_36;
    .scope S_0000028c3bba5490;
t_37 ;
    %load/vec4 v0000028c3bba6c20_0;
    %nor/r;
    %flag_set/vec4 8;
    %jmp/0xz  T_26.0, 8;
    %pushi/vec4 0, 0, 3;
    %assign/vec4 v0000028c3bba7440_0, 0;
    %jmp T_26.1;
T_26.0 ;
    %load/vec4 v0000028c3bba6a40_0;
    %assign/vec4 v0000028c3bba7440_0, 0;
T_26.1 ;
    %end;
    .scope S_0000028c3bba4cc0;
t_36 %join;
    %jmp T_26;
    .thread T_26;
    .scope S_0000028c3bba4cc0;
T_27 ;
    %wait E_0000028c3bb49320;
    %fork t_39, S_0000028c3bba9250;
    %jmp t_38;
    .scope S_0000028c3bba9250;
t_39 ;
    %load/vec4 v0000028c3bba6c20_0;
    %nor/r;
    %flag_set/vec4 8;
    %jmp/0xz  T_27.0, 8;
    %pushi/vec4 1, 0, 1;
    %assign/vec4 v0000028c3bba74e0_0, 0;
    %jmp T_27.1;
T_27.0 ;
    %load/vec4 v0000028c3bba7440_0;
    %pad/u 32;
    %cmpi/e 0, 0, 32;
    %jmp/0xz  T_27.2, 4;
    %pushi/vec4 1, 0, 1;
    %assign/vec4 v0000028c3bba74e0_0, 0;
    %jmp T_27.3;
T_27.2 ;
    %load/vec4 v0000028c3bba7440_0;
    %pad/u 32;
    %cmpi/e 1, 0, 32;
    %jmp/0xz  T_27.4, 4;
    %pushi/vec4 0, 0, 1;
    %assign/vec4 v0000028c3bba74e0_0, 0;
    %jmp T_27.5;
T_27.4 ;
    %load/vec4 v0000028c3bba7440_0;
    %pad/u 32;
    %cmpi/e 2, 0, 32;
    %jmp/0xz  T_27.6, 4;
    %load/vec4 v0000028c3bba6680_0;
    %parti/s 1, 0, 2;
    %assign/vec4 v0000028c3bba74e0_0, 0;
    %jmp T_27.7;
T_27.6 ;
    %load/vec4 v0000028c3bba7440_0;
    %pad/u 32;
    %cmpi/e 3, 0, 32;
    %jmp/0xz  T_27.8, 4;
    %pushi/vec4 1, 0, 1;
    %assign/vec4 v0000028c3bba74e0_0, 0;
T_27.8 ;
T_27.7 ;
T_27.5 ;
T_27.3 ;
T_27.1 ;
    %end;
    .scope S_0000028c3bba4cc0;
t_38 %join;
    %jmp T_27;
    .thread T_27;
    .scope S_0000028c3bb1d980;
T_28 ;
    %wait E_0000028c3bb49320;
    %load/vec4 v0000028c3bbab930_0;
    %nor/r;
    %flag_set/vec4 8;
    %jmp/0xz  T_28.0, 8;
    %pushi/vec4 240, 0, 8;
    %assign/vec4 v0000028c3bbaa670_0, 0;
    %jmp T_28.1;
T_28.0 ;
    %load/vec4 v0000028c3bbac010_0;
    %flag_set/vec4 8;
    %jmp/0xz  T_28.2, 8;
    %load/vec4 v0000028c3bbabf70_0;
    %assign/vec4 v0000028c3bbaa670_0, 0;
T_28.2 ;
T_28.1 ;
    %jmp T_28;
    .thread T_28;
# The file index is used to find the file name in the following table.
:file_names 7;
    "N/A";
    "<interactive>";
    "-";
    "testbench/tb.sv";
    "src/uart_rx.sv";
    "src/top.sv";
    "src/uart_tx.sv";
